sending incremental file list
Documents/

sent 80 bytes  received 27 bytes  214.00 bytes/sec
total size is 0  speedup is 0.00
sending incremental file list
Documents/

sent 84 bytes  received 27 bytes  222.00 bytes/sec
total size is 0  speedup is 0.00
sending incremental file list
Documents/

sent 84 bytes  received 27 bytes  222.00 bytes/sec
total size is 0  speedup is 0.00
sending incremental file list

sent 19 bytes  received 19 bytes  76.00 bytes/sec
total size is 0  speedup is 0.00
sending incremental file list

sent 19 bytes  received 19 bytes  76.00 bytes/sec
total size is 0  speedup is 0.00
sending incremental file list

sent 19 bytes  received 19 bytes  76.00 bytes/sec
total size is 0  speedup is 0.00
sending incremental file list
Documents/

sent 80 bytes  received 27 bytes  214.00 bytes/sec
total size is 0  speedup is 0.00
sending incremental file list
Documents/

sent 84 bytes  received 27 bytes  222.00 bytes/sec
total size is 0  speedup is 0.00
sending incremental file list
Documents/

sent 80 bytes  received 27 bytes  214.00 bytes/sec
total size is 0  speedup is 0.00
sending incremental file list
Documents/

sent 80 bytes  received 27 bytes  214.00 bytes/sec
total size is 0  speedup is 0.00
sending incremental file list
Documents/

sent 80 bytes  received 27 bytes  214.00 bytes/sec
total size is 0  speedup is 0.00
sending incremental file list
Documents/
Documents/test.txt

sent 158 bytes  received 46 bytes  408.00 bytes/sec
total size is 5  speedup is 0.02
sending incremental file list
Documents/
Documents/test.txt

sent 158 bytes  received 46 bytes  408.00 bytes/sec
total size is 5  speedup is 0.02
sending incremental file list
Documents/
Documents/test.txt

sent 158 bytes  received 46 bytes  408.00 bytes/sec
total size is 5  speedup is 0.02
sending incremental file list
Documents/
Documents/test.txt

sent 158 bytes  received 46 bytes  408.00 bytes/sec
total size is 5  speedup is 0.02
sending incremental file list
Documents/
Documents/test.txt

sent 158 bytes  received 46 bytes  408.00 bytes/sec
total size is 5  speedup is 0.02
